<?xml version="1.0" encoding="UTF-8"?>
<testsuite name="com.challenge.MeliChallengeApplicationTests" tests="1" skipped="0" failures="0" errors="0" timestamp="2026-03-06T18:51:00" hostname="Santis-Laptop" time="1.086">
  <properties/>
  <testcase name="contextLoads()" classname="com.challenge.MeliChallengeApplicationTests" time="1.086"/>
  <system-out><![CDATA[10:50:49.043 [Test worker] INFO org.springframework.test.context.support.AnnotationConfigContextLoaderUtils -- Could not detect default configuration classes for test class [com.challenge.MeliChallengeApplicationTests]: MeliChallengeApplicationTests does not declare any static, non-private, non-final, nested classes annotated with @Configuration.
10:50:49.319 [Test worker] INFO org.springframework.boot.test.context.SpringBootTestContextBootstrapper -- Found @SpringBootConfiguration com.challenge.MeliChallengeApplication for test class com.challenge.MeliChallengeApplicationTests

  .   ____          _            __ _ _
 /\\ / ___'_ __ _ _(_)_ __  __ _ \ \ \ \
( ( )\___ | '_ | '_| | '_ \/ _` | \ \ \ \
 \\/  ___)| |_)| | | | | || (_| |  ) ) ) )
  '  |____| .__|_| |_|_| |_\__, | / / / /
 =========|_|==============|___/=/_/_/_/
 :: Spring Boot ::                (v3.2.5)

2026-03-06T10:50:50.316-08:00  INFO 13163 --- [meli-challenge-api] [    Test worker] c.c.MeliChallengeApplicationTests        : Starting MeliChallengeApplicationTests using Java 21.0.10 with PID 13163 (started by santiago in /home/santiago/workspaces/meli/challenge)
2026-03-06T10:50:50.319-08:00  INFO 13163 --- [meli-challenge-api] [    Test worker] c.c.MeliChallengeApplicationTests        : No active profile set, falling back to 1 default profile: "default"
2026-03-06T10:50:53.420-08:00  INFO 13163 --- [meli-challenge-api] [    Test worker] .s.d.r.c.RepositoryConfigurationDelegate : Bootstrapping Spring Data JPA repositories in DEFAULT mode.
2026-03-06T10:50:53.465-08:00  INFO 13163 --- [meli-challenge-api] [    Test worker] .s.d.r.c.RepositoryConfigurationDelegate : Finished Spring Data repository scanning in 27 ms. Found 0 JPA repository interfaces.
2026-03-06T10:50:54.955-08:00  INFO 13163 --- [meli-challenge-api] [    Test worker] o.hibernate.jpa.internal.util.LogHelper  : HHH000204: Processing PersistenceUnitInfo [name: default]
2026-03-06T10:50:55.082-08:00  INFO 13163 --- [meli-challenge-api] [    Test worker] org.hibernate.Version                    : HHH000412: Hibernate ORM core version 6.4.4.Final
2026-03-06T10:50:55.146-08:00  INFO 13163 --- [meli-challenge-api] [    Test worker] o.h.c.internal.RegionFactoryInitiator    : HHH000026: Second-level cache disabled
2026-03-06T10:50:55.635-08:00  INFO 13163 --- [meli-challenge-api] [    Test worker] o.s.o.j.p.SpringPersistenceUnitInfo      : No LoadTimeWeaver setup: ignoring JPA class transformer
2026-03-06T10:50:55.694-08:00  INFO 13163 --- [meli-challenge-api] [    Test worker] com.zaxxer.hikari.HikariDataSource       : HikariPool-1 - Starting...
2026-03-06T10:50:56.231-08:00  INFO 13163 --- [meli-challenge-api] [    Test worker] com.zaxxer.hikari.pool.HikariPool        : HikariPool-1 - Added connection conn0: url=jdbc:h2:mem:meli-challenge-db user=SA
2026-03-06T10:50:56.235-08:00  INFO 13163 --- [meli-challenge-api] [    Test worker] com.zaxxer.hikari.HikariDataSource       : HikariPool-1 - Start completed.
2026-03-06T10:50:56.298-08:00  WARN 13163 --- [meli-challenge-api] [    Test worker] org.hibernate.orm.deprecation            : HHH90000025: H2Dialect does not need to be specified explicitly using 'hibernate.dialect' (remove the property setting and it will be selected by default)
2026-03-06T10:50:57.028-08:00  INFO 13163 --- [meli-challenge-api] [    Test worker] o.h.e.t.j.p.i.JtaPlatformInitiator       : HHH000489: No JTA platform available (set 'hibernate.transaction.jta.platform' to enable JTA platform integration)
2026-03-06T10:50:57.038-08:00  INFO 13163 --- [meli-challenge-api] [    Test worker] j.LocalContainerEntityManagerFactoryBean : Initialized JPA EntityManagerFactory for persistence unit 'default'
2026-03-06T10:50:57.742-08:00  WARN 13163 --- [meli-challenge-api] [    Test worker] JpaBaseConfiguration$JpaWebConfiguration : spring.jpa.open-in-view is enabled by default. Therefore, database queries may be performed during view rendering. Explicitly configure spring.jpa.open-in-view to disable this warning
2026-03-06T10:50:59.541-08:00  INFO 13163 --- [meli-challenge-api] [    Test worker] o.s.b.a.h2.H2ConsoleAutoConfiguration    : H2 console available at '/h2-console'. Database available at 'jdbc:h2:mem:meli-challenge-db'
2026-03-06T10:50:59.633-08:00  INFO 13163 --- [meli-challenge-api] [    Test worker] o.s.b.a.e.web.EndpointLinksResolver      : Exposing 3 endpoint(s) beneath base path '/actuator'
2026-03-06T10:50:59.823-08:00  INFO 13163 --- [meli-challenge-api] [    Test worker] c.c.MeliChallengeApplicationTests        : Started MeliChallengeApplicationTests in 10.059 seconds (process running for 12.741)
]]></system-out>
  <system-err><![CDATA[WARNING: A Java agent has been loaded dynamically (/home/santiago/.gradle/caches/modules-2/files-2.1/net.bytebuddy/byte-buddy-agent/1.14.13/979ce25f7d3096a2e82214ba7dc972a05ce7a171/byte-buddy-agent-1.14.13.jar)
WARNING: If a serviceability tool is in use, please run with -XX:+EnableDynamicAgentLoading to hide this warning
WARNING: If a serviceability tool is not in use, please run with -Djdk.instrument.traceUsage for more information
WARNING: Dynamic loading of agents will be disallowed by default in a future release
]]></system-err>
</testsuite>
